<?xml version="1.0" encoding="UTF-8"?>
<testsuite name="edu.uci.ics.chrisr6.service.basic.AppTest" tests="1" skipped="0" failures="0" errors="0" timestamp="2020-02-19T21:30:31" hostname="chriss-mbp-3.lan" time="0.001">
  <properties/>
  <testcase name="firstTest" classname="edu.uci.ics.chrisr6.service.basic.AppTest" time="0.001"/>
  <system-out><![CDATA[]]></system-out>
  <system-err><![CDATA[]]></system-err>
</testsuite>
